<?xml version="1.0" encoding="UTF-8"?>
<testsuite xmlns:xsi="http://www.w3.org/2001/XMLSchema-instance" xsi:noNamespaceSchemaLocation="https://maven.apache.org/surefire/maven-surefire-plugin/xsd/surefire-test-report-3.0.xsd" version="3.0" name="es.ual.hmis.PlazosAdministrativosTest" time="0.446" tests="28" errors="0" skipped="0" failures="0">
  <properties>
[...]
</properties>
  <testcase name="testMesesMaximo" classname="es.ual.hmis.PlazosAdministrativosTest" time="0.08"/>
  <testcase name="testMesesMinimo" classname="es.ual.hmis.PlazosAdministrativosTest" time="0.002"/>
  <testcase name="testDiasHabiles(String, int, String)[1]" classname="es.ual.hmis.PlazosAdministrativosTest" time="0.06"/>
  <testcase name="testDiasHabiles(String, int, String)[2]" classname="es.ual.hmis.PlazosAdministrativosTest" time="0.001"/>
  <testcase name="testDiasHabiles(String, int, String)[3]" classname="es.ual.hmis.PlazosAdministrativosTest" time="0.002"/>
  <testcase name="testDiasHabiles(String, int, String)[4]" classname="es.ual.hmis.PlazosAdministrativosTest" time="0.002"/>
  <testcase name="testDiasHabiles(String, int, String)[5]" classname="es.ual.hmis.PlazosAdministrativosTest" time="0.002"/>
  <testcase name="testDiasHabiles(String, int, String)[6]" classname="es.ual.hmis.PlazosAdministrativosTest" time="0.002"/>
  <testcase name="testDiasNaturalesMaximo" classname="es.ual.hmis.PlazosAdministrativosTest" time="0.002"/>
  <testcase name="testDiasNaturalesMinimo" classname="es.ual.hmis.PlazosAdministrativosTest" time="0.003"/>
  <testcase name="testAnios(String, int, String)[1]" classname="es.ual.hmis.PlazosAdministrativosTest" time="0.001"/>
  <testcase name="testAnios(String, int, String)[2]" classname="es.ual.hmis.PlazosAdministrativosTest" time="0.002"/>
  <testcase name="testAnios(String, int, String)[3]" classname="es.ual.hmis.PlazosAdministrativosTest" time="0.001"/>
  <testcase name="testAnios(String, int, String)[4]" classname="es.ual.hmis.PlazosAdministrativosTest" time="0.002"/>
  <testcase name="testMeses(String, int, String)[1]" classname="es.ual.hmis.PlazosAdministrativosTest" time="0.003"/>
  <testcase name="testMeses(String, int, String)[2]" classname="es.ual.hmis.PlazosAdministrativosTest" time="0.001"/>
  <testcase name="testMeses(String, int, String)[3]" classname="es.ual.hmis.PlazosAdministrativosTest" time="0.001"/>
  <testcase name="testMeses(String, int, String)[4]" classname="es.ual.hmis.PlazosAdministrativosTest" time="0.001"/>
  <testcase name="testMeses(String, int, String)[5]" classname="es.ual.hmis.PlazosAdministrativosTest" time="0.001"/>
  <testcase name="testDiasHabilesMaximo" classname="es.ual.hmis.PlazosAdministrativosTest" time="0.001"/>
  <testcase name="testDiasHabilesMinimo" classname="es.ual.hmis.PlazosAdministrativosTest" time="0.002"/>
  <testcase name="testDiasNaturales(String, int, String)[1]" classname="es.ual.hmis.PlazosAdministrativosTest" time="0.002"/>
  <testcase name="testDiasNaturales(String, int, String)[2]" classname="es.ual.hmis.PlazosAdministrativosTest" time="0.002"/>
  <testcase name="testDiasNaturales(String, int, String)[3]" classname="es.ual.hmis.PlazosAdministrativosTest" time="0.001"/>
  <testcase name="testDiasNaturales(String, int, String)[4]" classname="es.ual.hmis.PlazosAdministrativosTest" time="0.002"/>
  <testcase name="testDiasNaturales(String, int, String)[5]" classname="es.ual.hmis.PlazosAdministrativosTest" time="0.003"/>
  <testcase name="testAniosMaximo" classname="es.ual.hmis.PlazosAdministrativosTest" time="0.001"/>
  <testcase name="testAniosMinimo" classname="es.ual.hmis.PlazosAdministrativosTest" time="0.001"/>
</testsuite>